<?xml version="1.0" encoding="UTF-8"?>
<testsuite xmlns:xsi="http://www.w3.org/2001/XMLSchema-instance" xsi:schemaLocation="https://maven.apache.org/surefire/maven-surefire-plugin/xsd/surefire-test-report.xsd" name="model.PolygonTest" time="0.108" tests="8" errors="0" skipped="0" failures="0">
  <properties>
[...]
</properties>
  <testcase name="testConvexPolygonException{Polygon, float}[1]" classname="model.PolygonTest" time="0.044"/>
  <testcase name="testConvexPolygonException{Polygon, float}[2]" classname="model.PolygonTest" time="0.002"/>
  <testcase name="testConvexPolygonException{Polygon, float}[3]" classname="model.PolygonTest" time="0.001"/>
  <testcase name="testConcavePolygonException{Polygon}[1]" classname="model.PolygonTest" time="0.001"/>
  <testcase name="testConcavePolygonException{Polygon}[2]" classname="model.PolygonTest" time="0"/>
  <testcase name="testConcavePolygonException{Polygon}[3]" classname="model.PolygonTest" time="0.001"/>
  <testcase name="testConcavePolygonException{Polygon}[4]" classname="model.PolygonTest" time="0.001"/>
  <testcase name="testConcavePolygonException{Polygon}[5]" classname="model.PolygonTest" time="0"/>
</testsuite>